<?xml version="1.0" encoding="UTF-8"?>
<!-- Generated by org.testng.reporters.JUnitXMLReporter -->
<testsuite hostname="diuttm-w7" tests="0" failures="0" timestamp="25 Feb 2016 06:35:01 GMT" time="0.046" errors="0">
  <testcase name="@BeforeSuite beforeClass" time="0.0" classname="tsc.com.selenium.Day3.Login">
    <failure type="java.io.FileNotFoundException" message=".\properties\config.properties (The system cannot find the path specified)">
      <![CDATA[java.io.FileNotFoundException: .\properties\config.properties (The system cannot find the path specified)
	at java.io.FileInputStream.open(Native Method)
	at java.io.FileInputStream.<init>(Unknown Source)
	at java.io.FileInputStream.<init>(Unknown Source)
	at tsc.com.selenium.Day3.Utility.readConfig(Utility.java:13)
	at tsc.com.selenium.Day3.TestBase.beforeClass(TestBase.java:27)
... Removed 18 stack frames]]>
    </failure>
  </testcase> <!-- @BeforeSuite beforeClass -->
</testsuite>
